2024-09-27 16:05:22,413	[INFO]	(client.py:162)_bot_login	[botpy] 登录机器人账号中...
2024-09-27 16:05:22,606	[INFO]	(robot.py:65)update_access_token	[botpy] access_token expires_in 3319
2024-09-27 16:05:23,057	[INFO]	(client.py:181)_bot_init	[botpy] 程序启动...
2024-09-27 16:05:23,057	[INFO]	(connection.py:60)multi_run	[botpy] 最大并发连接数: 1, 启动会话数: 1
2024-09-27 16:05:23,058	[INFO]	(client.py:242)bot_connect	[botpy] 会话启动中...
2024-09-27 16:05:23,058	[INFO]	(gateway.py:115)ws_connect	[botpy] 启动中...
2024-09-27 16:05:23,208	[INFO]	(gateway.py:142)ws_identify	[botpy] 鉴权中...
2024-09-27 16:05:23,308	[INFO]	(gateway.py:85)on_message	[botpy] 机器人「班级助手-测试中」启动成功！
2024-09-27 16:05:23,309	[INFO]	(gateway.py:223)_send_heart	[botpy] 心跳维持启动...
2024-09-27 16:06:33,153	[INFO]	(client.py:162)_bot_login	[botpy] 登录机器人账号中...
2024-09-27 16:06:33,351	[INFO]	(robot.py:65)update_access_token	[botpy] access_token expires_in 3249
2024-09-27 16:06:33,802	[INFO]	(client.py:181)_bot_init	[botpy] 程序启动...
2024-09-27 16:06:33,802	[INFO]	(connection.py:60)multi_run	[botpy] 最大并发连接数: 1, 启动会话数: 1
2024-09-27 16:06:33,803	[INFO]	(client.py:242)bot_connect	[botpy] 会话启动中...
2024-09-27 16:06:33,803	[INFO]	(gateway.py:115)ws_connect	[botpy] 启动中...
2024-09-27 16:06:33,946	[INFO]	(gateway.py:142)ws_identify	[botpy] 鉴权中...
2024-09-27 16:06:34,045	[INFO]	(gateway.py:85)on_message	[botpy] 机器人「班级助手-测试中」启动成功！
2024-09-27 16:06:34,045	[INFO]	(gateway.py:223)_send_heart	[botpy] 心跳维持启动...
2024-09-27 16:07:31,980	[INFO]	(client.py:162)_bot_login	[botpy] 登录机器人账号中...
2024-09-27 16:07:32,189	[INFO]	(robot.py:65)update_access_token	[botpy] access_token expires_in 3190
2024-09-27 16:07:32,651	[INFO]	(client.py:181)_bot_init	[botpy] 程序启动...
2024-09-27 16:07:32,652	[INFO]	(connection.py:60)multi_run	[botpy] 最大并发连接数: 1, 启动会话数: 1
2024-09-27 16:07:32,652	[INFO]	(client.py:242)bot_connect	[botpy] 会话启动中...
2024-09-27 16:07:32,652	[INFO]	(gateway.py:115)ws_connect	[botpy] 启动中...
2024-09-27 16:07:32,781	[INFO]	(gateway.py:142)ws_identify	[botpy] 鉴权中...
2024-09-27 16:07:32,864	[INFO]	(gateway.py:85)on_message	[botpy] 机器人「班级助手-测试中」启动成功！
2024-09-27 16:07:32,864	[INFO]	(gateway.py:223)_send_heart	[botpy] 心跳维持启动...
2024-09-27 16:09:13,035	[INFO]	(client.py:162)_bot_login	[botpy] 登录机器人账号中...
2024-09-27 16:09:13,226	[INFO]	(robot.py:65)update_access_token	[botpy] access_token expires_in 3089
2024-09-27 16:09:13,618	[INFO]	(client.py:181)_bot_init	[botpy] 程序启动...
2024-09-27 16:09:13,618	[INFO]	(connection.py:60)multi_run	[botpy] 最大并发连接数: 1, 启动会话数: 1
2024-09-27 16:09:13,619	[INFO]	(client.py:242)bot_connect	[botpy] 会话启动中...
2024-09-27 16:09:13,619	[INFO]	(gateway.py:115)ws_connect	[botpy] 启动中...
2024-09-27 16:09:13,743	[INFO]	(gateway.py:142)ws_identify	[botpy] 鉴权中...
2024-09-27 16:09:13,817	[INFO]	(gateway.py:85)on_message	[botpy] 机器人「班级助手-测试中」启动成功！
2024-09-27 16:09:13,818	[INFO]	(gateway.py:223)_send_heart	[botpy] 心跳维持启动...
2024-09-27 16:10:18,840	[INFO]	(client.py:162)_bot_login	[botpy] 登录机器人账号中...
2024-09-27 16:10:19,005	[INFO]	(robot.py:65)update_access_token	[botpy] access_token expires_in 3023
2024-09-27 16:10:19,447	[INFO]	(client.py:181)_bot_init	[botpy] 程序启动...
2024-09-27 16:10:19,448	[INFO]	(connection.py:60)multi_run	[botpy] 最大并发连接数: 1, 启动会话数: 1
2024-09-27 16:10:19,448	[INFO]	(client.py:242)bot_connect	[botpy] 会话启动中...
2024-09-27 16:10:19,448	[INFO]	(gateway.py:115)ws_connect	[botpy] 启动中...
2024-09-27 16:10:19,595	[INFO]	(gateway.py:142)ws_identify	[botpy] 鉴权中...
2024-09-27 16:10:19,679	[INFO]	(gateway.py:85)on_message	[botpy] 机器人「班级助手-测试中」启动成功！
2024-09-27 16:10:19,679	[INFO]	(gateway.py:223)_send_heart	[botpy] 心跳维持启动...
2024-09-27 16:11:23,717	[INFO]	(client.py:162)_bot_login	[botpy] 登录机器人账号中...
2024-09-27 16:11:23,917	[INFO]	(robot.py:65)update_access_token	[botpy] access_token expires_in 2958
2024-09-27 16:11:24,365	[INFO]	(client.py:181)_bot_init	[botpy] 程序启动...
2024-09-27 16:11:24,365	[INFO]	(connection.py:60)multi_run	[botpy] 最大并发连接数: 1, 启动会话数: 1
2024-09-27 16:11:24,365	[INFO]	(client.py:242)bot_connect	[botpy] 会话启动中...
2024-09-27 16:11:24,366	[INFO]	(gateway.py:115)ws_connect	[botpy] 启动中...
2024-09-27 16:11:24,511	[INFO]	(gateway.py:142)ws_identify	[botpy] 鉴权中...
2024-09-27 16:11:24,638	[INFO]	(gateway.py:85)on_message	[botpy] 机器人「班级助手-测试中」启动成功！
2024-09-27 16:11:24,638	[INFO]	(gateway.py:223)_send_heart	[botpy] 心跳维持启动...
2024-09-27 16:12:01,483	[INFO]	(client.py:162)_bot_login	[botpy] 登录机器人账号中...
2024-09-27 16:12:01,664	[INFO]	(robot.py:65)update_access_token	[botpy] access_token expires_in 2920
2024-09-27 16:12:02,174	[INFO]	(client.py:181)_bot_init	[botpy] 程序启动...
2024-09-27 16:12:02,175	[INFO]	(connection.py:60)multi_run	[botpy] 最大并发连接数: 1, 启动会话数: 1
2024-09-27 16:12:02,175	[INFO]	(client.py:242)bot_connect	[botpy] 会话启动中...
2024-09-27 16:12:02,176	[INFO]	(gateway.py:115)ws_connect	[botpy] 启动中...
2024-09-27 16:12:02,318	[INFO]	(gateway.py:142)ws_identify	[botpy] 鉴权中...
2024-09-27 16:12:02,394	[INFO]	(gateway.py:85)on_message	[botpy] 机器人「班级助手-测试中」启动成功！
2024-09-27 16:12:02,395	[INFO]	(gateway.py:223)_send_heart	[botpy] 心跳维持启动...
2024-09-27 16:21:31,097	[INFO]	(client.py:162)_bot_login	[botpy] 登录机器人账号中...
2024-09-27 16:21:31,289	[INFO]	(robot.py:65)update_access_token	[botpy] access_token expires_in 2351
2024-09-27 16:21:31,754	[INFO]	(client.py:181)_bot_init	[botpy] 程序启动...
2024-09-27 16:21:31,755	[INFO]	(connection.py:60)multi_run	[botpy] 最大并发连接数: 1, 启动会话数: 1
2024-09-27 16:21:31,755	[INFO]	(client.py:242)bot_connect	[botpy] 会话启动中...
2024-09-27 16:21:31,755	[INFO]	(gateway.py:115)ws_connect	[botpy] 启动中...
2024-09-27 16:21:31,875	[INFO]	(gateway.py:142)ws_identify	[botpy] 鉴权中...
2024-09-27 16:21:31,973	[INFO]	(gateway.py:85)on_message	[botpy] 机器人「班级助手-测试中」启动成功！
2024-09-27 16:21:31,974	[INFO]	(gateway.py:223)_send_heart	[botpy] 心跳维持启动...
2024-09-27 16:22:31,290	[INFO]	(client.py:162)_bot_login	[botpy] 登录机器人账号中...
2024-09-27 16:22:31,475	[INFO]	(robot.py:65)update_access_token	[botpy] access_token expires_in 2290
2024-09-27 16:22:31,916	[INFO]	(client.py:181)_bot_init	[botpy] 程序启动...
2024-09-27 16:22:31,917	[INFO]	(connection.py:60)multi_run	[botpy] 最大并发连接数: 1, 启动会话数: 1
2024-09-27 16:22:31,917	[INFO]	(client.py:242)bot_connect	[botpy] 会话启动中...
2024-09-27 16:22:31,917	[INFO]	(gateway.py:115)ws_connect	[botpy] 启动中...
2024-09-27 16:22:32,044	[INFO]	(gateway.py:142)ws_identify	[botpy] 鉴权中...
2024-09-27 16:22:32,146	[INFO]	(gateway.py:85)on_message	[botpy] 机器人「班级助手-测试中」启动成功！
2024-09-27 16:22:32,147	[INFO]	(gateway.py:223)_send_heart	[botpy] 心跳维持启动...
2024-09-27 16:25:56,313	[INFO]	(client.py:162)_bot_login	[botpy] 登录机器人账号中...
2024-09-27 16:25:56,519	[INFO]	(robot.py:65)update_access_token	[botpy] access_token expires_in 2085
2024-09-27 16:25:56,955	[INFO]	(client.py:181)_bot_init	[botpy] 程序启动...
2024-09-27 16:25:56,955	[INFO]	(connection.py:60)multi_run	[botpy] 最大并发连接数: 1, 启动会话数: 1
2024-09-27 16:25:56,956	[INFO]	(client.py:242)bot_connect	[botpy] 会话启动中...
2024-09-27 16:25:56,956	[INFO]	(gateway.py:115)ws_connect	[botpy] 启动中...
2024-09-27 16:25:57,087	[INFO]	(gateway.py:142)ws_identify	[botpy] 鉴权中...
2024-09-27 16:25:57,164	[INFO]	(gateway.py:85)on_message	[botpy] 机器人「班级助手-测试中」启动成功！
2024-09-27 16:25:57,165	[INFO]	(gateway.py:223)_send_heart	[botpy] 心跳维持启动...
2024-09-27 16:26:30,226	[INFO]	(client.py:162)_bot_login	[botpy] 登录机器人账号中...
2024-09-27 16:26:30,419	[INFO]	(robot.py:65)update_access_token	[botpy] access_token expires_in 2052
2024-09-27 16:26:30,872	[INFO]	(client.py:181)_bot_init	[botpy] 程序启动...
2024-09-27 16:26:30,873	[INFO]	(connection.py:60)multi_run	[botpy] 最大并发连接数: 1, 启动会话数: 1
2024-09-27 16:26:30,873	[INFO]	(client.py:242)bot_connect	[botpy] 会话启动中...
2024-09-27 16:26:30,873	[INFO]	(gateway.py:115)ws_connect	[botpy] 启动中...
2024-09-27 16:26:30,999	[INFO]	(gateway.py:142)ws_identify	[botpy] 鉴权中...
2024-09-27 16:26:31,099	[INFO]	(gateway.py:85)on_message	[botpy] 机器人「班级助手-测试中」启动成功！
2024-09-27 16:26:31,099	[INFO]	(gateway.py:223)_send_heart	[botpy] 心跳维持启动...
2024-09-27 16:26:55,784	[INFO]	(client.py:162)_bot_login	[botpy] 登录机器人账号中...
2024-09-27 16:26:55,935	[INFO]	(robot.py:65)update_access_token	[botpy] access_token expires_in 2026
2024-09-27 16:26:56,308	[INFO]	(client.py:181)_bot_init	[botpy] 程序启动...
2024-09-27 16:26:56,309	[INFO]	(connection.py:60)multi_run	[botpy] 最大并发连接数: 1, 启动会话数: 1
2024-09-27 16:26:56,309	[INFO]	(client.py:242)bot_connect	[botpy] 会话启动中...
2024-09-27 16:26:56,309	[INFO]	(gateway.py:115)ws_connect	[botpy] 启动中...
2024-09-27 16:26:56,433	[INFO]	(gateway.py:142)ws_identify	[botpy] 鉴权中...
2024-09-27 16:26:56,500	[INFO]	(gateway.py:85)on_message	[botpy] 机器人「班级助手-测试中」启动成功！
2024-09-27 16:26:56,500	[INFO]	(gateway.py:223)_send_heart	[botpy] 心跳维持启动...
2024-09-27 16:27:37,027	[INFO]	(client.py:162)_bot_login	[botpy] 登录机器人账号中...
2024-09-27 16:27:37,198	[INFO]	(robot.py:65)update_access_token	[botpy] access_token expires_in 1985
2024-09-27 16:27:37,657	[INFO]	(client.py:181)_bot_init	[botpy] 程序启动...
2024-09-27 16:27:37,657	[INFO]	(connection.py:60)multi_run	[botpy] 最大并发连接数: 1, 启动会话数: 1
2024-09-27 16:27:37,657	[INFO]	(client.py:242)bot_connect	[botpy] 会话启动中...
2024-09-27 16:27:37,657	[INFO]	(gateway.py:115)ws_connect	[botpy] 启动中...
2024-09-27 16:27:37,804	[INFO]	(gateway.py:142)ws_identify	[botpy] 鉴权中...
2024-09-27 16:27:37,895	[INFO]	(gateway.py:85)on_message	[botpy] 机器人「班级助手-测试中」启动成功！
2024-09-27 16:27:37,896	[INFO]	(gateway.py:223)_send_heart	[botpy] 心跳维持启动...
2024-09-27 16:28:00,586	[INFO]	(client.py:162)_bot_login	[botpy] 登录机器人账号中...
2024-09-27 16:28:00,719	[INFO]	(robot.py:65)update_access_token	[botpy] access_token expires_in 1961
2024-09-27 16:28:01,183	[INFO]	(client.py:181)_bot_init	[botpy] 程序启动...
2024-09-27 16:28:01,183	[INFO]	(connection.py:60)multi_run	[botpy] 最大并发连接数: 1, 启动会话数: 1
2024-09-27 16:28:01,183	[INFO]	(client.py:242)bot_connect	[botpy] 会话启动中...
2024-09-27 16:28:01,183	[INFO]	(gateway.py:115)ws_connect	[botpy] 启动中...
2024-09-27 16:28:01,314	[INFO]	(gateway.py:142)ws_identify	[botpy] 鉴权中...
2024-09-27 16:28:01,388	[INFO]	(gateway.py:85)on_message	[botpy] 机器人「班级助手-测试中」启动成功！
2024-09-27 16:28:01,389	[INFO]	(gateway.py:223)_send_heart	[botpy] 心跳维持启动...
2024-09-27 16:30:02,527	[INFO]	(client.py:162)_bot_login	[botpy] 登录机器人账号中...
2024-09-27 16:30:02,737	[INFO]	(robot.py:65)update_access_token	[botpy] access_token expires_in 1839
2024-09-27 16:30:03,209	[INFO]	(client.py:181)_bot_init	[botpy] 程序启动...
2024-09-27 16:30:03,209	[INFO]	(connection.py:60)multi_run	[botpy] 最大并发连接数: 1, 启动会话数: 1
2024-09-27 16:30:03,210	[INFO]	(client.py:242)bot_connect	[botpy] 会话启动中...
2024-09-27 16:30:03,210	[INFO]	(gateway.py:115)ws_connect	[botpy] 启动中...
2024-09-27 16:30:03,355	[INFO]	(gateway.py:142)ws_identify	[botpy] 鉴权中...
2024-09-27 16:30:03,452	[INFO]	(gateway.py:85)on_message	[botpy] 机器人「班级助手-测试中」启动成功！
2024-09-27 16:30:03,452	[INFO]	(gateway.py:223)_send_heart	[botpy] 心跳维持启动...
2024-09-27 16:36:59,683	[INFO]	(client.py:162)_bot_login	[botpy] 登录机器人账号中...
2024-09-27 16:36:59,889	[INFO]	(robot.py:65)update_access_token	[botpy] access_token expires_in 1422
2024-09-27 16:37:00,350	[INFO]	(client.py:181)_bot_init	[botpy] 程序启动...
2024-09-27 16:37:00,351	[INFO]	(connection.py:60)multi_run	[botpy] 最大并发连接数: 1, 启动会话数: 1
2024-09-27 16:37:00,351	[INFO]	(client.py:242)bot_connect	[botpy] 会话启动中...
2024-09-27 16:37:00,352	[INFO]	(gateway.py:115)ws_connect	[botpy] 启动中...
2024-09-27 16:37:00,496	[INFO]	(gateway.py:142)ws_identify	[botpy] 鉴权中...
2024-09-27 16:37:00,612	[INFO]	(gateway.py:85)on_message	[botpy] 机器人「班级助手-测试中」启动成功！
2024-09-27 16:37:00,613	[INFO]	(gateway.py:223)_send_heart	[botpy] 心跳维持启动...
2024-09-27 16:38:46,892	[INFO]	(client.py:162)_bot_login	[botpy] 登录机器人账号中...
2024-09-27 16:38:47,074	[INFO]	(robot.py:65)update_access_token	[botpy] access_token expires_in 1315
2024-09-27 16:38:47,549	[INFO]	(client.py:181)_bot_init	[botpy] 程序启动...
2024-09-27 16:38:47,549	[INFO]	(connection.py:60)multi_run	[botpy] 最大并发连接数: 1, 启动会话数: 1
2024-09-27 16:38:47,550	[INFO]	(client.py:242)bot_connect	[botpy] 会话启动中...
2024-09-27 16:38:47,550	[INFO]	(gateway.py:115)ws_connect	[botpy] 启动中...
2024-09-27 16:38:47,692	[INFO]	(gateway.py:142)ws_identify	[botpy] 鉴权中...
2024-09-27 16:38:47,791	[INFO]	(gateway.py:85)on_message	[botpy] 机器人「班级助手-测试中」启动成功！
2024-09-27 16:38:47,792	[INFO]	(gateway.py:223)_send_heart	[botpy] 心跳维持启动...
2024-09-27 16:40:35,192	[INFO]	(client.py:162)_bot_login	[botpy] 登录机器人账号中...
2024-09-27 16:40:35,382	[INFO]	(robot.py:65)update_access_token	[botpy] access_token expires_in 1207
2024-09-27 16:40:35,855	[INFO]	(client.py:181)_bot_init	[botpy] 程序启动...
2024-09-27 16:40:35,856	[INFO]	(connection.py:60)multi_run	[botpy] 最大并发连接数: 1, 启动会话数: 1
2024-09-27 16:40:35,856	[INFO]	(client.py:242)bot_connect	[botpy] 会话启动中...
2024-09-27 16:40:35,856	[INFO]	(gateway.py:115)ws_connect	[botpy] 启动中...
2024-09-27 16:40:35,975	[INFO]	(gateway.py:142)ws_identify	[botpy] 鉴权中...
2024-09-27 16:40:36,057	[INFO]	(gateway.py:85)on_message	[botpy] 机器人「班级助手-测试中」启动成功！
2024-09-27 16:40:36,058	[INFO]	(gateway.py:223)_send_heart	[botpy] 心跳维持启动...
2024-09-27 16:41:55,351	[INFO]	(client.py:162)_bot_login	[botpy] 登录机器人账号中...
2024-09-27 16:41:55,537	[INFO]	(robot.py:65)update_access_token	[botpy] access_token expires_in 1126
2024-09-27 16:41:55,993	[INFO]	(client.py:181)_bot_init	[botpy] 程序启动...
2024-09-27 16:41:55,993	[INFO]	(connection.py:60)multi_run	[botpy] 最大并发连接数: 1, 启动会话数: 1
2024-09-27 16:41:55,994	[INFO]	(client.py:242)bot_connect	[botpy] 会话启动中...
2024-09-27 16:41:55,994	[INFO]	(gateway.py:115)ws_connect	[botpy] 启动中...
2024-09-27 16:41:56,140	[INFO]	(gateway.py:142)ws_identify	[botpy] 鉴权中...
2024-09-27 16:41:56,220	[INFO]	(gateway.py:85)on_message	[botpy] 机器人「班级助手-测试中」启动成功！
2024-09-27 16:41:56,220	[INFO]	(gateway.py:223)_send_heart	[botpy] 心跳维持启动...
2024-09-27 16:42:50,461	[INFO]	(client.py:162)_bot_login	[botpy] 登录机器人账号中...
2024-09-27 16:42:50,662	[INFO]	(robot.py:65)update_access_token	[botpy] access_token expires_in 1071
2024-09-27 16:42:51,118	[INFO]	(client.py:181)_bot_init	[botpy] 程序启动...
2024-09-27 16:42:51,119	[INFO]	(connection.py:60)multi_run	[botpy] 最大并发连接数: 1, 启动会话数: 1
2024-09-27 16:42:51,119	[INFO]	(client.py:242)bot_connect	[botpy] 会话启动中...
2024-09-27 16:42:51,119	[INFO]	(gateway.py:115)ws_connect	[botpy] 启动中...
2024-09-27 16:42:51,239	[INFO]	(gateway.py:142)ws_identify	[botpy] 鉴权中...
2024-09-27 16:42:51,321	[INFO]	(gateway.py:85)on_message	[botpy] 机器人「班级助手-测试中」启动成功！
2024-09-27 16:42:51,322	[INFO]	(gateway.py:223)_send_heart	[botpy] 心跳维持启动...
2024-09-27 16:43:08,307	[INFO]	(client.py:162)_bot_login	[botpy] 登录机器人账号中...
2024-09-27 16:43:08,437	[INFO]	(robot.py:65)update_access_token	[botpy] access_token expires_in 1054
2024-09-27 16:43:08,888	[INFO]	(client.py:181)_bot_init	[botpy] 程序启动...
2024-09-27 16:43:08,889	[INFO]	(connection.py:60)multi_run	[botpy] 最大并发连接数: 1, 启动会话数: 1
2024-09-27 16:43:08,890	[INFO]	(client.py:242)bot_connect	[botpy] 会话启动中...
2024-09-27 16:43:08,890	[INFO]	(gateway.py:115)ws_connect	[botpy] 启动中...
2024-09-27 16:43:09,018	[INFO]	(gateway.py:142)ws_identify	[botpy] 鉴权中...
2024-09-27 16:43:09,092	[INFO]	(gateway.py:85)on_message	[botpy] 机器人「班级助手-测试中」启动成功！
2024-09-27 16:43:09,092	[INFO]	(gateway.py:223)_send_heart	[botpy] 心跳维持启动...
2024-09-27 16:43:49,001	[INFO]	(client.py:162)_bot_login	[botpy] 登录机器人账号中...
2024-09-27 16:43:49,193	[INFO]	(robot.py:65)update_access_token	[botpy] access_token expires_in 1013
2024-09-27 16:43:49,629	[INFO]	(client.py:181)_bot_init	[botpy] 程序启动...
2024-09-27 16:43:49,629	[INFO]	(connection.py:60)multi_run	[botpy] 最大并发连接数: 1, 启动会话数: 1
2024-09-27 16:43:49,630	[INFO]	(client.py:242)bot_connect	[botpy] 会话启动中...
2024-09-27 16:43:49,630	[INFO]	(gateway.py:115)ws_connect	[botpy] 启动中...
2024-09-27 16:43:49,758	[INFO]	(gateway.py:142)ws_identify	[botpy] 鉴权中...
2024-09-27 16:43:49,823	[INFO]	(gateway.py:85)on_message	[botpy] 机器人「班级助手-测试中」启动成功！
2024-09-27 16:43:49,824	[INFO]	(gateway.py:223)_send_heart	[botpy] 心跳维持启动...
2024-09-27 16:44:29,139	[INFO]	(client.py:162)_bot_login	[botpy] 登录机器人账号中...
2024-09-27 16:44:29,291	[INFO]	(robot.py:65)update_access_token	[botpy] access_token expires_in 973
2024-09-27 16:44:29,677	[INFO]	(client.py:181)_bot_init	[botpy] 程序启动...
2024-09-27 16:44:29,678	[INFO]	(connection.py:60)multi_run	[botpy] 最大并发连接数: 1, 启动会话数: 1
2024-09-27 16:44:29,678	[INFO]	(client.py:242)bot_connect	[botpy] 会话启动中...
2024-09-27 16:44:29,678	[INFO]	(gateway.py:115)ws_connect	[botpy] 启动中...
2024-09-27 16:44:29,801	[INFO]	(gateway.py:142)ws_identify	[botpy] 鉴权中...
2024-09-27 16:44:29,874	[INFO]	(gateway.py:85)on_message	[botpy] 机器人「班级助手-测试中」启动成功！
2024-09-27 16:44:29,875	[INFO]	(gateway.py:223)_send_heart	[botpy] 心跳维持启动...
2024-09-27 16:45:21,237	[INFO]	(client.py:162)_bot_login	[botpy] 登录机器人账号中...
2024-09-27 16:45:21,404	[INFO]	(robot.py:65)update_access_token	[botpy] access_token expires_in 921
2024-09-27 16:45:21,914	[INFO]	(client.py:181)_bot_init	[botpy] 程序启动...
2024-09-27 16:45:21,914	[INFO]	(connection.py:60)multi_run	[botpy] 最大并发连接数: 1, 启动会话数: 1
2024-09-27 16:45:21,915	[INFO]	(client.py:242)bot_connect	[botpy] 会话启动中...
2024-09-27 16:45:21,915	[INFO]	(gateway.py:115)ws_connect	[botpy] 启动中...
2024-09-27 16:45:22,056	[INFO]	(gateway.py:142)ws_identify	[botpy] 鉴权中...
2024-09-27 16:45:22,145	[INFO]	(gateway.py:85)on_message	[botpy] 机器人「班级助手-测试中」启动成功！
2024-09-27 16:45:22,146	[INFO]	(gateway.py:223)_send_heart	[botpy] 心跳维持启动...
2024-09-27 16:45:51,237	[INFO]	(client.py:162)_bot_login	[botpy] 登录机器人账号中...
2024-09-27 16:45:51,366	[INFO]	(robot.py:65)update_access_token	[botpy] access_token expires_in 891
2024-09-27 16:45:51,778	[INFO]	(client.py:181)_bot_init	[botpy] 程序启动...
2024-09-27 16:45:51,779	[INFO]	(connection.py:60)multi_run	[botpy] 最大并发连接数: 1, 启动会话数: 1
2024-09-27 16:45:51,779	[INFO]	(client.py:242)bot_connect	[botpy] 会话启动中...
2024-09-27 16:45:51,779	[INFO]	(gateway.py:115)ws_connect	[botpy] 启动中...
2024-09-27 16:45:51,898	[INFO]	(gateway.py:142)ws_identify	[botpy] 鉴权中...
2024-09-27 16:45:51,976	[INFO]	(gateway.py:85)on_message	[botpy] 机器人「班级助手-测试中」启动成功！
2024-09-27 16:45:51,976	[INFO]	(gateway.py:223)_send_heart	[botpy] 心跳维持启动...
2024-09-27 16:47:22,828	[INFO]	(client.py:162)_bot_login	[botpy] 登录机器人账号中...
2024-09-27 16:47:22,996	[INFO]	(robot.py:65)update_access_token	[botpy] access_token expires_in 799
2024-09-27 16:47:23,482	[INFO]	(client.py:181)_bot_init	[botpy] 程序启动...
2024-09-27 16:47:23,482	[INFO]	(connection.py:60)multi_run	[botpy] 最大并发连接数: 1, 启动会话数: 1
2024-09-27 16:47:23,483	[INFO]	(client.py:242)bot_connect	[botpy] 会话启动中...
2024-09-27 16:47:23,483	[INFO]	(gateway.py:115)ws_connect	[botpy] 启动中...
2024-09-27 16:47:23,603	[INFO]	(gateway.py:142)ws_identify	[botpy] 鉴权中...
2024-09-27 16:47:23,699	[INFO]	(gateway.py:85)on_message	[botpy] 机器人「班级助手-测试中」启动成功！
2024-09-27 16:47:23,700	[INFO]	(gateway.py:223)_send_heart	[botpy] 心跳维持启动...
2024-09-27 16:47:52,209	[INFO]	(client.py:162)_bot_login	[botpy] 登录机器人账号中...
2024-09-27 16:47:52,356	[INFO]	(robot.py:65)update_access_token	[botpy] access_token expires_in 770
2024-09-27 16:47:52,744	[INFO]	(client.py:181)_bot_init	[botpy] 程序启动...
2024-09-27 16:47:52,745	[INFO]	(connection.py:60)multi_run	[botpy] 最大并发连接数: 1, 启动会话数: 1
2024-09-27 16:47:52,745	[INFO]	(client.py:242)bot_connect	[botpy] 会话启动中...
2024-09-27 16:47:52,745	[INFO]	(gateway.py:115)ws_connect	[botpy] 启动中...
2024-09-27 16:47:52,885	[INFO]	(gateway.py:142)ws_identify	[botpy] 鉴权中...
2024-09-27 16:47:52,981	[INFO]	(gateway.py:85)on_message	[botpy] 机器人「班级助手-测试中」启动成功！
2024-09-27 16:47:52,981	[INFO]	(gateway.py:223)_send_heart	[botpy] 心跳维持启动...
2024-09-27 16:49:35,893	[INFO]	(client.py:162)_bot_login	[botpy] 登录机器人账号中...
2024-09-27 16:49:36,082	[INFO]	(robot.py:65)update_access_token	[botpy] access_token expires_in 666
2024-09-27 16:49:36,559	[INFO]	(client.py:181)_bot_init	[botpy] 程序启动...
2024-09-27 16:49:36,559	[INFO]	(connection.py:60)multi_run	[botpy] 最大并发连接数: 1, 启动会话数: 1
2024-09-27 16:49:36,559	[INFO]	(client.py:242)bot_connect	[botpy] 会话启动中...
2024-09-27 16:49:36,560	[INFO]	(gateway.py:115)ws_connect	[botpy] 启动中...
2024-09-27 16:49:36,687	[INFO]	(gateway.py:142)ws_identify	[botpy] 鉴权中...
2024-09-27 16:49:36,769	[INFO]	(gateway.py:85)on_message	[botpy] 机器人「班级助手-测试中」启动成功！
2024-09-27 16:49:36,769	[INFO]	(gateway.py:223)_send_heart	[botpy] 心跳维持启动...
2024-09-27 16:51:06,593	[INFO]	(client.py:162)_bot_login	[botpy] 登录机器人账号中...
2024-09-27 16:51:06,804	[INFO]	(robot.py:65)update_access_token	[botpy] access_token expires_in 575
2024-09-27 16:51:07,242	[INFO]	(client.py:181)_bot_init	[botpy] 程序启动...
2024-09-27 16:51:07,242	[INFO]	(connection.py:60)multi_run	[botpy] 最大并发连接数: 1, 启动会话数: 1
2024-09-27 16:51:07,243	[INFO]	(client.py:242)bot_connect	[botpy] 会话启动中...
2024-09-27 16:51:07,243	[INFO]	(gateway.py:115)ws_connect	[botpy] 启动中...
2024-09-27 16:51:07,389	[INFO]	(gateway.py:142)ws_identify	[botpy] 鉴权中...
2024-09-27 16:51:07,479	[INFO]	(gateway.py:85)on_message	[botpy] 机器人「班级助手-测试中」启动成功！
2024-09-27 16:51:07,480	[INFO]	(gateway.py:223)_send_heart	[botpy] 心跳维持启动...
2024-09-27 16:59:12,630	[INFO]	(client.py:162)_bot_login	[botpy] 登录机器人账号中...
2024-09-27 16:59:12,830	[INFO]	(robot.py:65)update_access_token	[botpy] access_token expires_in 89
2024-09-27 16:59:13,294	[INFO]	(client.py:181)_bot_init	[botpy] 程序启动...
2024-09-27 16:59:13,294	[INFO]	(connection.py:60)multi_run	[botpy] 最大并发连接数: 1, 启动会话数: 1
2024-09-27 16:59:13,294	[INFO]	(client.py:242)bot_connect	[botpy] 会话启动中...
2024-09-27 16:59:13,295	[INFO]	(gateway.py:115)ws_connect	[botpy] 启动中...
2024-09-27 16:59:13,432	[INFO]	(gateway.py:142)ws_identify	[botpy] 鉴权中...
2024-09-27 16:59:13,524	[INFO]	(gateway.py:85)on_message	[botpy] 机器人「班级助手-测试中」启动成功！
2024-09-27 16:59:13,524	[INFO]	(gateway.py:223)_send_heart	[botpy] 心跳维持启动...
2024-09-27 17:01:32,226	[INFO]	(client.py:162)_bot_login	[botpy] 登录机器人账号中...
2024-09-27 17:01:32,492	[INFO]	(robot.py:65)update_access_token	[botpy] access_token expires_in 7200
2024-09-27 17:01:32,980	[INFO]	(client.py:181)_bot_init	[botpy] 程序启动...
2024-09-27 17:01:32,981	[INFO]	(connection.py:60)multi_run	[botpy] 最大并发连接数: 1, 启动会话数: 1
2024-09-27 17:01:32,981	[INFO]	(client.py:242)bot_connect	[botpy] 会话启动中...
2024-09-27 17:01:32,981	[INFO]	(gateway.py:115)ws_connect	[botpy] 启动中...
2024-09-27 17:01:33,129	[INFO]	(gateway.py:142)ws_identify	[botpy] 鉴权中...
2024-09-27 17:01:33,243	[INFO]	(gateway.py:85)on_message	[botpy] 机器人「班级助手-测试中」启动成功！
2024-09-27 17:01:33,243	[INFO]	(gateway.py:223)_send_heart	[botpy] 心跳维持启动...
2024-09-27 17:02:06,376	[INFO]	(client.py:162)_bot_login	[botpy] 登录机器人账号中...
2024-09-27 17:02:06,545	[INFO]	(robot.py:65)update_access_token	[botpy] access_token expires_in 7166
2024-09-27 17:02:06,961	[INFO]	(client.py:181)_bot_init	[botpy] 程序启动...
2024-09-27 17:02:06,962	[INFO]	(connection.py:60)multi_run	[botpy] 最大并发连接数: 1, 启动会话数: 1
2024-09-27 17:02:06,962	[INFO]	(client.py:242)bot_connect	[botpy] 会话启动中...
2024-09-27 17:02:06,962	[INFO]	(gateway.py:115)ws_connect	[botpy] 启动中...
2024-09-27 17:02:07,098	[INFO]	(gateway.py:142)ws_identify	[botpy] 鉴权中...
2024-09-27 17:02:07,185	[INFO]	(gateway.py:85)on_message	[botpy] 机器人「班级助手-测试中」启动成功！
2024-09-27 17:02:07,185	[INFO]	(gateway.py:223)_send_heart	[botpy] 心跳维持启动...
2024-09-27 17:03:36,465	[INFO]	(client.py:162)_bot_login	[botpy] 登录机器人账号中...
2024-09-27 17:03:36,646	[INFO]	(robot.py:65)update_access_token	[botpy] access_token expires_in 7076
2024-09-27 17:03:37,086	[INFO]	(client.py:181)_bot_init	[botpy] 程序启动...
2024-09-27 17:03:37,087	[INFO]	(connection.py:60)multi_run	[botpy] 最大并发连接数: 1, 启动会话数: 1
2024-09-27 17:03:37,087	[INFO]	(client.py:242)bot_connect	[botpy] 会话启动中...
2024-09-27 17:03:37,087	[INFO]	(gateway.py:115)ws_connect	[botpy] 启动中...
2024-09-27 17:03:37,203	[INFO]	(gateway.py:142)ws_identify	[botpy] 鉴权中...
2024-09-27 17:03:37,280	[INFO]	(gateway.py:85)on_message	[botpy] 机器人「班级助手-测试中」启动成功！
2024-09-27 17:03:37,280	[INFO]	(gateway.py:223)_send_heart	[botpy] 心跳维持启动...
2024-09-27 17:04:06,960	[INFO]	(client.py:162)_bot_login	[botpy] 登录机器人账号中...
2024-09-27 17:04:07,127	[INFO]	(robot.py:65)update_access_token	[botpy] access_token expires_in 7045
2024-09-27 17:04:07,573	[INFO]	(client.py:181)_bot_init	[botpy] 程序启动...
2024-09-27 17:04:07,573	[INFO]	(connection.py:60)multi_run	[botpy] 最大并发连接数: 1, 启动会话数: 1
2024-09-27 17:04:07,573	[INFO]	(client.py:242)bot_connect	[botpy] 会话启动中...
2024-09-27 17:04:07,573	[INFO]	(gateway.py:115)ws_connect	[botpy] 启动中...
2024-09-27 17:04:07,717	[INFO]	(gateway.py:142)ws_identify	[botpy] 鉴权中...
2024-09-27 17:04:07,843	[INFO]	(gateway.py:85)on_message	[botpy] 机器人「班级助手-测试中」启动成功！
2024-09-27 17:04:07,843	[INFO]	(gateway.py:223)_send_heart	[botpy] 心跳维持启动...
2024-09-27 17:04:57,134	[INFO]	(client.py:162)_bot_login	[botpy] 登录机器人账号中...
2024-09-27 17:04:57,303	[INFO]	(robot.py:65)update_access_token	[botpy] access_token expires_in 6995
2024-09-27 17:04:57,726	[INFO]	(client.py:181)_bot_init	[botpy] 程序启动...
2024-09-27 17:04:57,727	[INFO]	(connection.py:60)multi_run	[botpy] 最大并发连接数: 1, 启动会话数: 1
2024-09-27 17:04:57,727	[INFO]	(client.py:242)bot_connect	[botpy] 会话启动中...
2024-09-27 17:04:57,727	[INFO]	(gateway.py:115)ws_connect	[botpy] 启动中...
2024-09-27 17:04:57,847	[INFO]	(gateway.py:142)ws_identify	[botpy] 鉴权中...
2024-09-27 17:04:57,921	[INFO]	(gateway.py:85)on_message	[botpy] 机器人「班级助手-测试中」启动成功！
2024-09-27 17:04:57,922	[INFO]	(gateway.py:223)_send_heart	[botpy] 心跳维持启动...
2024-09-27 17:08:57,353	[INFO]	(client.py:162)_bot_login	[botpy] 登录机器人账号中...
2024-09-27 17:08:57,539	[INFO]	(robot.py:65)update_access_token	[botpy] access_token expires_in 6755
2024-09-27 17:08:58,008	[INFO]	(client.py:181)_bot_init	[botpy] 程序启动...
2024-09-27 17:08:58,008	[INFO]	(connection.py:60)multi_run	[botpy] 最大并发连接数: 1, 启动会话数: 1
2024-09-27 17:08:58,009	[INFO]	(client.py:242)bot_connect	[botpy] 会话启动中...
2024-09-27 17:08:58,009	[INFO]	(gateway.py:115)ws_connect	[botpy] 启动中...
2024-09-27 17:08:58,157	[INFO]	(gateway.py:142)ws_identify	[botpy] 鉴权中...
2024-09-27 17:08:58,246	[INFO]	(gateway.py:85)on_message	[botpy] 机器人「班级助手-测试中」启动成功！
2024-09-27 17:08:58,246	[INFO]	(gateway.py:223)_send_heart	[botpy] 心跳维持启动...
2024-09-27 17:09:20,671	[INFO]	(client.py:162)_bot_login	[botpy] 登录机器人账号中...
2024-09-27 17:09:20,818	[INFO]	(robot.py:65)update_access_token	[botpy] access_token expires_in 6732
2024-09-27 17:09:21,201	[INFO]	(client.py:181)_bot_init	[botpy] 程序启动...
2024-09-27 17:09:21,202	[INFO]	(connection.py:60)multi_run	[botpy] 最大并发连接数: 1, 启动会话数: 1
2024-09-27 17:09:21,202	[INFO]	(client.py:242)bot_connect	[botpy] 会话启动中...
2024-09-27 17:09:21,202	[INFO]	(gateway.py:115)ws_connect	[botpy] 启动中...
2024-09-27 17:09:21,328	[INFO]	(gateway.py:142)ws_identify	[botpy] 鉴权中...
2024-09-27 17:09:21,409	[INFO]	(gateway.py:85)on_message	[botpy] 机器人「班级助手-测试中」启动成功！
2024-09-27 17:09:21,410	[INFO]	(gateway.py:223)_send_heart	[botpy] 心跳维持启动...
2024-09-27 17:10:38,049	[INFO]	(client.py:162)_bot_login	[botpy] 登录机器人账号中...
2024-09-27 17:10:38,263	[INFO]	(robot.py:65)update_access_token	[botpy] access_token expires_in 6654
2024-09-27 17:10:38,727	[INFO]	(client.py:181)_bot_init	[botpy] 程序启动...
2024-09-27 17:10:38,727	[INFO]	(connection.py:60)multi_run	[botpy] 最大并发连接数: 1, 启动会话数: 1
2024-09-27 17:10:38,728	[INFO]	(client.py:242)bot_connect	[botpy] 会话启动中...
2024-09-27 17:10:38,728	[INFO]	(gateway.py:115)ws_connect	[botpy] 启动中...
2024-09-27 17:10:38,858	[INFO]	(gateway.py:142)ws_identify	[botpy] 鉴权中...
2024-09-27 17:10:38,942	[INFO]	(gateway.py:85)on_message	[botpy] 机器人「班级助手-测试中」启动成功！
2024-09-27 17:10:38,942	[INFO]	(gateway.py:223)_send_heart	[botpy] 心跳维持启动...
2024-09-27 17:12:44,492	[INFO]	(client.py:162)_bot_login	[botpy] 登录机器人账号中...
2024-09-27 17:12:44,667	[INFO]	(robot.py:65)update_access_token	[botpy] access_token expires_in 6528
2024-09-27 17:12:45,134	[INFO]	(client.py:181)_bot_init	[botpy] 程序启动...
2024-09-27 17:12:45,134	[INFO]	(connection.py:60)multi_run	[botpy] 最大并发连接数: 1, 启动会话数: 1
2024-09-27 17:12:45,135	[INFO]	(client.py:242)bot_connect	[botpy] 会话启动中...
2024-09-27 17:12:45,135	[INFO]	(gateway.py:115)ws_connect	[botpy] 启动中...
2024-09-27 17:12:45,287	[INFO]	(gateway.py:142)ws_identify	[botpy] 鉴权中...
2024-09-27 17:12:45,390	[INFO]	(gateway.py:85)on_message	[botpy] 机器人「班级助手-测试中」启动成功！
2024-09-27 17:12:45,390	[INFO]	(gateway.py:223)_send_heart	[botpy] 心跳维持启动...
2024-09-27 17:14:58,851	[INFO]	(client.py:162)_bot_login	[botpy] 登录机器人账号中...
2024-09-27 17:14:59,042	[INFO]	(robot.py:65)update_access_token	[botpy] access_token expires_in 6393
2024-09-27 17:14:59,526	[INFO]	(client.py:181)_bot_init	[botpy] 程序启动...
2024-09-27 17:14:59,526	[INFO]	(connection.py:60)multi_run	[botpy] 最大并发连接数: 1, 启动会话数: 1
2024-09-27 17:14:59,526	[INFO]	(client.py:242)bot_connect	[botpy] 会话启动中...
2024-09-27 17:14:59,527	[INFO]	(gateway.py:115)ws_connect	[botpy] 启动中...
2024-09-27 17:14:59,676	[INFO]	(gateway.py:142)ws_identify	[botpy] 鉴权中...
2024-09-27 17:14:59,754	[INFO]	(gateway.py:85)on_message	[botpy] 机器人「班级助手-测试中」启动成功！
2024-09-27 17:14:59,754	[INFO]	(gateway.py:223)_send_heart	[botpy] 心跳维持启动...
2024-09-27 17:15:28,721	[INFO]	(client.py:162)_bot_login	[botpy] 登录机器人账号中...
2024-09-27 17:15:28,873	[INFO]	(robot.py:65)update_access_token	[botpy] access_token expires_in 6364
2024-09-27 17:15:29,276	[INFO]	(client.py:181)_bot_init	[botpy] 程序启动...
2024-09-27 17:15:29,276	[INFO]	(connection.py:60)multi_run	[botpy] 最大并发连接数: 1, 启动会话数: 1
2024-09-27 17:15:29,277	[INFO]	(client.py:242)bot_connect	[botpy] 会话启动中...
2024-09-27 17:15:29,277	[INFO]	(gateway.py:115)ws_connect	[botpy] 启动中...
2024-09-27 17:15:29,435	[INFO]	(gateway.py:142)ws_identify	[botpy] 鉴权中...
2024-09-27 17:15:29,513	[INFO]	(gateway.py:85)on_message	[botpy] 机器人「班级助手-测试中」启动成功！
2024-09-27 17:15:29,513	[INFO]	(gateway.py:223)_send_heart	[botpy] 心跳维持启动...
2024-09-27 17:17:53,789	[INFO]	(client.py:162)_bot_login	[botpy] 登录机器人账号中...
2024-09-27 17:17:53,991	[INFO]	(robot.py:65)update_access_token	[botpy] access_token expires_in 6219
2024-09-27 17:17:54,473	[INFO]	(client.py:181)_bot_init	[botpy] 程序启动...
2024-09-27 17:17:54,473	[INFO]	(connection.py:60)multi_run	[botpy] 最大并发连接数: 1, 启动会话数: 1
2024-09-27 17:17:54,473	[INFO]	(client.py:242)bot_connect	[botpy] 会话启动中...
2024-09-27 17:17:54,474	[INFO]	(gateway.py:115)ws_connect	[botpy] 启动中...
2024-09-27 17:17:54,592	[INFO]	(gateway.py:142)ws_identify	[botpy] 鉴权中...
2024-09-27 17:17:54,689	[INFO]	(gateway.py:85)on_message	[botpy] 机器人「班级助手-测试中」启动成功！
2024-09-27 17:17:54,689	[INFO]	(gateway.py:223)_send_heart	[botpy] 心跳维持启动...
2024-09-27 17:18:19,978	[INFO]	(client.py:162)_bot_login	[botpy] 登录机器人账号中...
2024-09-27 17:18:20,119	[INFO]	(robot.py:65)update_access_token	[botpy] access_token expires_in 6192
2024-09-27 17:18:20,552	[INFO]	(client.py:181)_bot_init	[botpy] 程序启动...
2024-09-27 17:18:20,552	[INFO]	(connection.py:60)multi_run	[botpy] 最大并发连接数: 1, 启动会话数: 1
2024-09-27 17:18:20,552	[INFO]	(client.py:242)bot_connect	[botpy] 会话启动中...
2024-09-27 17:18:20,552	[INFO]	(gateway.py:115)ws_connect	[botpy] 启动中...
2024-09-27 17:18:20,668	[INFO]	(gateway.py:142)ws_identify	[botpy] 鉴权中...
2024-09-27 17:18:20,777	[INFO]	(gateway.py:85)on_message	[botpy] 机器人「班级助手-测试中」启动成功！
2024-09-27 17:18:20,778	[INFO]	(gateway.py:223)_send_heart	[botpy] 心跳维持启动...
2024-09-27 17:18:39,119	[INFO]	(client.py:162)_bot_login	[botpy] 登录机器人账号中...
2024-09-27 17:18:39,286	[INFO]	(robot.py:65)update_access_token	[botpy] access_token expires_in 6173
2024-09-27 17:18:39,709	[INFO]	(client.py:181)_bot_init	[botpy] 程序启动...
2024-09-27 17:18:39,710	[INFO]	(connection.py:60)multi_run	[botpy] 最大并发连接数: 1, 启动会话数: 1
2024-09-27 17:18:39,710	[INFO]	(client.py:242)bot_connect	[botpy] 会话启动中...
2024-09-27 17:18:39,710	[INFO]	(gateway.py:115)ws_connect	[botpy] 启动中...
2024-09-27 17:18:39,832	[INFO]	(gateway.py:142)ws_identify	[botpy] 鉴权中...
2024-09-27 17:18:39,902	[INFO]	(gateway.py:85)on_message	[botpy] 机器人「班级助手-测试中」启动成功！
2024-09-27 17:18:39,902	[INFO]	(gateway.py:223)_send_heart	[botpy] 心跳维持启动...
2024-09-27 17:19:22,683	[INFO]	(client.py:162)_bot_login	[botpy] 登录机器人账号中...
2024-09-27 17:19:22,844	[INFO]	(robot.py:65)update_access_token	[botpy] access_token expires_in 6130
2024-09-27 17:19:23,304	[INFO]	(client.py:181)_bot_init	[botpy] 程序启动...
2024-09-27 17:19:23,304	[INFO]	(connection.py:60)multi_run	[botpy] 最大并发连接数: 1, 启动会话数: 1
2024-09-27 17:19:23,305	[INFO]	(client.py:242)bot_connect	[botpy] 会话启动中...
2024-09-27 17:19:23,305	[INFO]	(gateway.py:115)ws_connect	[botpy] 启动中...
2024-09-27 17:19:23,426	[INFO]	(gateway.py:142)ws_identify	[botpy] 鉴权中...
2024-09-27 17:19:23,515	[INFO]	(gateway.py:85)on_message	[botpy] 机器人「班级助手-测试中」启动成功！
2024-09-27 17:19:23,516	[INFO]	(gateway.py:223)_send_heart	[botpy] 心跳维持启动...
2024-09-27 17:20:30,672	[INFO]	(client.py:162)_bot_login	[botpy] 登录机器人账号中...
2024-09-27 17:20:30,852	[INFO]	(robot.py:65)update_access_token	[botpy] access_token expires_in 6062
2024-09-27 17:20:31,338	[INFO]	(client.py:181)_bot_init	[botpy] 程序启动...
2024-09-27 17:20:31,338	[INFO]	(connection.py:60)multi_run	[botpy] 最大并发连接数: 1, 启动会话数: 1
2024-09-27 17:20:31,338	[INFO]	(client.py:242)bot_connect	[botpy] 会话启动中...
2024-09-27 17:20:31,339	[INFO]	(gateway.py:115)ws_connect	[botpy] 启动中...
2024-09-27 17:20:31,461	[INFO]	(gateway.py:142)ws_identify	[botpy] 鉴权中...
2024-09-27 17:20:31,532	[INFO]	(gateway.py:85)on_message	[botpy] 机器人「班级助手-测试中」启动成功！
2024-09-27 17:20:31,532	[INFO]	(gateway.py:223)_send_heart	[botpy] 心跳维持启动...
2024-09-27 17:21:06,399	[INFO]	(client.py:162)_bot_login	[botpy] 登录机器人账号中...
2024-09-27 17:21:06,600	[INFO]	(robot.py:65)update_access_token	[botpy] access_token expires_in 6026
2024-09-27 17:21:07,028	[INFO]	(client.py:181)_bot_init	[botpy] 程序启动...
2024-09-27 17:21:07,028	[INFO]	(connection.py:60)multi_run	[botpy] 最大并发连接数: 1, 启动会话数: 1
2024-09-27 17:21:07,029	[INFO]	(client.py:242)bot_connect	[botpy] 会话启动中...
2024-09-27 17:21:07,029	[INFO]	(gateway.py:115)ws_connect	[botpy] 启动中...
2024-09-27 17:21:07,173	[INFO]	(gateway.py:142)ws_identify	[botpy] 鉴权中...
2024-09-27 17:21:07,245	[INFO]	(gateway.py:85)on_message	[botpy] 机器人「班级助手-测试中」启动成功！
2024-09-27 17:21:07,245	[INFO]	(gateway.py:223)_send_heart	[botpy] 心跳维持启动...
2024-09-27 17:22:18,116	[INFO]	(client.py:162)_bot_login	[botpy] 登录机器人账号中...
2024-09-27 17:22:18,251	[INFO]	(robot.py:65)update_access_token	[botpy] access_token expires_in 5954
2024-09-27 17:22:18,743	[INFO]	(client.py:181)_bot_init	[botpy] 程序启动...
2024-09-27 17:22:18,743	[INFO]	(connection.py:60)multi_run	[botpy] 最大并发连接数: 1, 启动会话数: 1
2024-09-27 17:22:18,744	[INFO]	(client.py:242)bot_connect	[botpy] 会话启动中...
2024-09-27 17:22:18,744	[INFO]	(gateway.py:115)ws_connect	[botpy] 启动中...
2024-09-27 17:22:18,874	[INFO]	(gateway.py:142)ws_identify	[botpy] 鉴权中...
2024-09-27 17:22:18,961	[INFO]	(gateway.py:85)on_message	[botpy] 机器人「班级助手-测试中」启动成功！
2024-09-27 17:22:18,961	[INFO]	(gateway.py:223)_send_heart	[botpy] 心跳维持启动...
2024-09-27 17:23:19,699	[INFO]	(client.py:162)_bot_login	[botpy] 登录机器人账号中...
2024-09-27 17:23:19,890	[INFO]	(robot.py:65)update_access_token	[botpy] access_token expires_in 5893
2024-09-27 17:23:20,418	[INFO]	(client.py:181)_bot_init	[botpy] 程序启动...
2024-09-27 17:23:20,418	[INFO]	(connection.py:60)multi_run	[botpy] 最大并发连接数: 1, 启动会话数: 1
2024-09-27 17:23:20,419	[INFO]	(client.py:242)bot_connect	[botpy] 会话启动中...
2024-09-27 17:23:20,419	[INFO]	(gateway.py:115)ws_connect	[botpy] 启动中...
2024-09-27 17:23:20,561	[INFO]	(gateway.py:142)ws_identify	[botpy] 鉴权中...
2024-09-27 17:23:20,654	[INFO]	(gateway.py:85)on_message	[botpy] 机器人「班级助手-测试中」启动成功！
2024-09-27 17:23:20,654	[INFO]	(gateway.py:223)_send_heart	[botpy] 心跳维持启动...
2024-09-27 17:24:03,297	[INFO]	(client.py:162)_bot_login	[botpy] 登录机器人账号中...
2024-09-27 17:24:03,446	[INFO]	(robot.py:65)update_access_token	[botpy] access_token expires_in 5849
2024-09-27 17:24:03,882	[INFO]	(client.py:181)_bot_init	[botpy] 程序启动...
2024-09-27 17:24:03,883	[INFO]	(connection.py:60)multi_run	[botpy] 最大并发连接数: 1, 启动会话数: 1
2024-09-27 17:24:03,883	[INFO]	(client.py:242)bot_connect	[botpy] 会话启动中...
2024-09-27 17:24:03,883	[INFO]	(gateway.py:115)ws_connect	[botpy] 启动中...
2024-09-27 17:24:04,010	[INFO]	(gateway.py:142)ws_identify	[botpy] 鉴权中...
2024-09-27 17:24:04,109	[INFO]	(gateway.py:85)on_message	[botpy] 机器人「班级助手-测试中」启动成功！
2024-09-27 17:24:04,109	[INFO]	(gateway.py:223)_send_heart	[botpy] 心跳维持启动...
2024-09-27 17:24:42,836	[INFO]	(client.py:162)_bot_login	[botpy] 登录机器人账号中...
2024-09-27 17:24:42,996	[INFO]	(robot.py:65)update_access_token	[botpy] access_token expires_in 5810
2024-09-27 17:24:43,396	[INFO]	(client.py:181)_bot_init	[botpy] 程序启动...
2024-09-27 17:24:43,396	[INFO]	(connection.py:60)multi_run	[botpy] 最大并发连接数: 1, 启动会话数: 1
2024-09-27 17:24:43,396	[INFO]	(client.py:242)bot_connect	[botpy] 会话启动中...
2024-09-27 17:24:43,396	[INFO]	(gateway.py:115)ws_connect	[botpy] 启动中...
2024-09-27 17:24:43,541	[INFO]	(gateway.py:142)ws_identify	[botpy] 鉴权中...
2024-09-27 17:24:43,653	[INFO]	(gateway.py:85)on_message	[botpy] 机器人「班级助手-测试中」启动成功！
2024-09-27 17:24:43,653	[INFO]	(gateway.py:223)_send_heart	[botpy] 心跳维持启动...
2024-09-27 17:25:29,301	[INFO]	(client.py:162)_bot_login	[botpy] 登录机器人账号中...
2024-09-27 17:25:29,494	[INFO]	(robot.py:65)update_access_token	[botpy] access_token expires_in 5763
2024-09-27 17:25:29,965	[INFO]	(client.py:181)_bot_init	[botpy] 程序启动...
2024-09-27 17:25:29,965	[INFO]	(connection.py:60)multi_run	[botpy] 最大并发连接数: 1, 启动会话数: 1
2024-09-27 17:25:29,966	[INFO]	(client.py:242)bot_connect	[botpy] 会话启动中...
2024-09-27 17:25:29,966	[INFO]	(gateway.py:115)ws_connect	[botpy] 启动中...
2024-09-27 17:25:30,129	[INFO]	(gateway.py:142)ws_identify	[botpy] 鉴权中...
2024-09-27 17:25:30,247	[INFO]	(gateway.py:85)on_message	[botpy] 机器人「班级助手-测试中」启动成功！
2024-09-27 17:25:30,247	[INFO]	(gateway.py:223)_send_heart	[botpy] 心跳维持启动...
2024-09-27 17:26:24,086	[INFO]	(client.py:162)_bot_login	[botpy] 登录机器人账号中...
2024-09-27 17:26:24,283	[INFO]	(robot.py:65)update_access_token	[botpy] access_token expires_in 5708
2024-09-27 17:26:24,727	[INFO]	(client.py:181)_bot_init	[botpy] 程序启动...
2024-09-27 17:26:24,727	[INFO]	(connection.py:60)multi_run	[botpy] 最大并发连接数: 1, 启动会话数: 1
2024-09-27 17:26:24,727	[INFO]	(client.py:242)bot_connect	[botpy] 会话启动中...
2024-09-27 17:26:24,728	[INFO]	(gateway.py:115)ws_connect	[botpy] 启动中...
2024-09-27 17:26:24,880	[INFO]	(gateway.py:142)ws_identify	[botpy] 鉴权中...
2024-09-27 17:26:24,967	[INFO]	(gateway.py:85)on_message	[botpy] 机器人「班级助手-测试中」启动成功！
2024-09-27 17:26:24,967	[INFO]	(gateway.py:223)_send_heart	[botpy] 心跳维持启动...
2024-09-27 17:27:33,876	[INFO]	(client.py:162)_bot_login	[botpy] 登录机器人账号中...
2024-09-27 17:27:34,044	[INFO]	(robot.py:65)update_access_token	[botpy] access_token expires_in 5638
2024-09-27 17:27:34,494	[INFO]	(client.py:181)_bot_init	[botpy] 程序启动...
2024-09-27 17:27:34,495	[INFO]	(connection.py:60)multi_run	[botpy] 最大并发连接数: 1, 启动会话数: 1
2024-09-27 17:27:34,495	[INFO]	(client.py:242)bot_connect	[botpy] 会话启动中...
2024-09-27 17:27:34,495	[INFO]	(gateway.py:115)ws_connect	[botpy] 启动中...
2024-09-27 17:27:34,640	[INFO]	(gateway.py:142)ws_identify	[botpy] 鉴权中...
2024-09-27 17:27:34,718	[INFO]	(gateway.py:85)on_message	[botpy] 机器人「班级助手-测试中」启动成功！
2024-09-27 17:27:34,718	[INFO]	(gateway.py:223)_send_heart	[botpy] 心跳维持启动...
2024-09-27 17:28:22,160	[INFO]	(client.py:162)_bot_login	[botpy] 登录机器人账号中...
2024-09-27 17:28:22,324	[INFO]	(robot.py:65)update_access_token	[botpy] access_token expires_in 5590
2024-09-27 17:28:22,761	[INFO]	(client.py:181)_bot_init	[botpy] 程序启动...
2024-09-27 17:28:22,761	[INFO]	(connection.py:60)multi_run	[botpy] 最大并发连接数: 1, 启动会话数: 1
2024-09-27 17:28:22,762	[INFO]	(client.py:242)bot_connect	[botpy] 会话启动中...
2024-09-27 17:28:22,762	[INFO]	(gateway.py:115)ws_connect	[botpy] 启动中...
2024-09-27 17:28:22,885	[INFO]	(gateway.py:142)ws_identify	[botpy] 鉴权中...
2024-09-27 17:28:22,976	[INFO]	(gateway.py:85)on_message	[botpy] 机器人「班级助手-测试中」启动成功！
2024-09-27 17:28:22,976	[INFO]	(gateway.py:223)_send_heart	[botpy] 心跳维持启动...
2024-09-27 17:29:42,141	[INFO]	(client.py:162)_bot_login	[botpy] 登录机器人账号中...
2024-09-27 17:29:42,328	[INFO]	(robot.py:65)update_access_token	[botpy] access_token expires_in 5510
2024-09-27 17:29:42,778	[INFO]	(client.py:181)_bot_init	[botpy] 程序启动...
2024-09-27 17:29:42,778	[INFO]	(connection.py:60)multi_run	[botpy] 最大并发连接数: 1, 启动会话数: 1
2024-09-27 17:29:42,778	[INFO]	(client.py:242)bot_connect	[botpy] 会话启动中...
2024-09-27 17:29:42,779	[INFO]	(gateway.py:115)ws_connect	[botpy] 启动中...
2024-09-27 17:29:42,894	[INFO]	(gateway.py:142)ws_identify	[botpy] 鉴权中...
2024-09-27 17:29:42,966	[INFO]	(gateway.py:85)on_message	[botpy] 机器人「班级助手-测试中」启动成功！
2024-09-27 17:29:42,966	[INFO]	(gateway.py:223)_send_heart	[botpy] 心跳维持启动...
2024-09-27 17:30:02,515	[INFO]	(client.py:162)_bot_login	[botpy] 登录机器人账号中...
2024-09-27 17:30:02,670	[INFO]	(robot.py:65)update_access_token	[botpy] access_token expires_in 5490
2024-09-27 17:30:03,086	[INFO]	(client.py:181)_bot_init	[botpy] 程序启动...
2024-09-27 17:30:03,086	[INFO]	(connection.py:60)multi_run	[botpy] 最大并发连接数: 1, 启动会话数: 1
2024-09-27 17:30:03,087	[INFO]	(client.py:242)bot_connect	[botpy] 会话启动中...
2024-09-27 17:30:03,087	[INFO]	(gateway.py:115)ws_connect	[botpy] 启动中...
2024-09-27 17:30:03,211	[INFO]	(gateway.py:142)ws_identify	[botpy] 鉴权中...
2024-09-27 17:30:03,296	[INFO]	(gateway.py:85)on_message	[botpy] 机器人「班级助手-测试中」启动成功！
2024-09-27 17:30:03,297	[INFO]	(gateway.py:223)_send_heart	[botpy] 心跳维持启动...
2024-09-27 17:33:30,148	[INFO]	(client.py:162)_bot_login	[botpy] 登录机器人账号中...
2024-09-27 17:33:30,325	[INFO]	(robot.py:65)update_access_token	[botpy] access_token expires_in 5282
2024-09-27 17:33:30,789	[INFO]	(client.py:181)_bot_init	[botpy] 程序启动...
2024-09-27 17:33:30,789	[INFO]	(connection.py:60)multi_run	[botpy] 最大并发连接数: 1, 启动会话数: 1
2024-09-27 17:33:30,790	[INFO]	(client.py:242)bot_connect	[botpy] 会话启动中...
2024-09-27 17:33:30,790	[INFO]	(gateway.py:115)ws_connect	[botpy] 启动中...
2024-09-27 17:33:30,914	[INFO]	(gateway.py:142)ws_identify	[botpy] 鉴权中...
2024-09-27 17:33:31,011	[INFO]	(gateway.py:85)on_message	[botpy] 机器人「班级助手-测试中」启动成功！
2024-09-27 17:33:31,011	[INFO]	(gateway.py:223)_send_heart	[botpy] 心跳维持启动...
2024-09-27 17:33:53,484	[INFO]	(client.py:162)_bot_login	[botpy] 登录机器人账号中...
2024-09-27 17:33:53,634	[INFO]	(robot.py:65)update_access_token	[botpy] access_token expires_in 5259
2024-09-27 17:33:54,029	[INFO]	(client.py:181)_bot_init	[botpy] 程序启动...
2024-09-27 17:33:54,029	[INFO]	(connection.py:60)multi_run	[botpy] 最大并发连接数: 1, 启动会话数: 1
2024-09-27 17:33:54,029	[INFO]	(client.py:242)bot_connect	[botpy] 会话启动中...
2024-09-27 17:33:54,029	[INFO]	(gateway.py:115)ws_connect	[botpy] 启动中...
2024-09-27 17:33:54,180	[INFO]	(gateway.py:142)ws_identify	[botpy] 鉴权中...
2024-09-27 17:33:54,265	[INFO]	(gateway.py:85)on_message	[botpy] 机器人「班级助手-测试中」启动成功！
2024-09-27 17:33:54,266	[INFO]	(gateway.py:223)_send_heart	[botpy] 心跳维持启动...
2024-09-27 17:40:54,796	[INFO]	(client.py:162)_bot_login	[botpy] 登录机器人账号中...
2024-09-27 17:40:55,005	[INFO]	(robot.py:65)update_access_token	[botpy] access_token expires_in 4838
2024-09-27 17:40:55,450	[INFO]	(client.py:181)_bot_init	[botpy] 程序启动...
2024-09-27 17:40:55,450	[INFO]	(connection.py:60)multi_run	[botpy] 最大并发连接数: 1, 启动会话数: 1
2024-09-27 17:40:55,450	[INFO]	(client.py:242)bot_connect	[botpy] 会话启动中...
2024-09-27 17:40:55,450	[INFO]	(gateway.py:115)ws_connect	[botpy] 启动中...
2024-09-27 17:40:55,595	[INFO]	(gateway.py:142)ws_identify	[botpy] 鉴权中...
2024-09-27 17:40:55,697	[INFO]	(gateway.py:85)on_message	[botpy] 机器人「班级助手-测试中」启动成功！
2024-09-27 17:40:55,697	[INFO]	(gateway.py:223)_send_heart	[botpy] 心跳维持启动...
2024-09-27 17:42:56,146	[INFO]	(client.py:162)_bot_login	[botpy] 登录机器人账号中...
2024-09-27 17:42:56,328	[INFO]	(robot.py:65)update_access_token	[botpy] access_token expires_in 4716
2024-09-27 17:42:56,806	[INFO]	(client.py:181)_bot_init	[botpy] 程序启动...
2024-09-27 17:42:56,806	[INFO]	(connection.py:60)multi_run	[botpy] 最大并发连接数: 1, 启动会话数: 1
2024-09-27 17:42:56,806	[INFO]	(client.py:242)bot_connect	[botpy] 会话启动中...
2024-09-27 17:42:56,806	[INFO]	(gateway.py:115)ws_connect	[botpy] 启动中...
2024-09-27 17:42:56,923	[INFO]	(gateway.py:142)ws_identify	[botpy] 鉴权中...
2024-09-27 17:42:56,991	[INFO]	(gateway.py:85)on_message	[botpy] 机器人「班级助手-测试中」启动成功！
2024-09-27 17:42:56,992	[INFO]	(gateway.py:223)_send_heart	[botpy] 心跳维持启动...
2024-09-27 17:43:24,924	[INFO]	(client.py:162)_bot_login	[botpy] 登录机器人账号中...
2024-09-27 17:43:25,085	[INFO]	(robot.py:65)update_access_token	[botpy] access_token expires_in 4687
2024-09-27 17:43:25,507	[INFO]	(client.py:181)_bot_init	[botpy] 程序启动...
2024-09-27 17:43:25,507	[INFO]	(connection.py:60)multi_run	[botpy] 最大并发连接数: 1, 启动会话数: 1
2024-09-27 17:43:25,507	[INFO]	(client.py:242)bot_connect	[botpy] 会话启动中...
2024-09-27 17:43:25,508	[INFO]	(gateway.py:115)ws_connect	[botpy] 启动中...
2024-09-27 17:43:25,631	[INFO]	(gateway.py:142)ws_identify	[botpy] 鉴权中...
2024-09-27 17:43:25,724	[INFO]	(gateway.py:85)on_message	[botpy] 机器人「班级助手-测试中」启动成功！
2024-09-27 17:43:25,724	[INFO]	(gateway.py:223)_send_heart	[botpy] 心跳维持启动...
2024-09-27 17:45:04,789	[INFO]	(client.py:162)_bot_login	[botpy] 登录机器人账号中...
2024-09-27 17:45:04,991	[INFO]	(robot.py:65)update_access_token	[botpy] access_token expires_in 4588
2024-09-27 17:45:05,454	[INFO]	(client.py:181)_bot_init	[botpy] 程序启动...
2024-09-27 17:45:05,454	[INFO]	(connection.py:60)multi_run	[botpy] 最大并发连接数: 1, 启动会话数: 1
2024-09-27 17:45:05,454	[INFO]	(client.py:242)bot_connect	[botpy] 会话启动中...
2024-09-27 17:45:05,455	[INFO]	(gateway.py:115)ws_connect	[botpy] 启动中...
2024-09-27 17:45:05,582	[INFO]	(gateway.py:142)ws_identify	[botpy] 鉴权中...
2024-09-27 17:45:05,680	[INFO]	(gateway.py:85)on_message	[botpy] 机器人「班级助手-测试中」启动成功！
2024-09-27 17:45:05,681	[INFO]	(gateway.py:223)_send_heart	[botpy] 心跳维持启动...
2024-09-27 17:45:38,508	[INFO]	(client.py:162)_bot_login	[botpy] 登录机器人账号中...
2024-09-27 17:45:38,702	[INFO]	(robot.py:65)update_access_token	[botpy] access_token expires_in 4554
2024-09-27 17:45:39,158	[INFO]	(client.py:181)_bot_init	[botpy] 程序启动...
2024-09-27 17:45:39,159	[INFO]	(connection.py:60)multi_run	[botpy] 最大并发连接数: 1, 启动会话数: 1
2024-09-27 17:45:39,159	[INFO]	(client.py:242)bot_connect	[botpy] 会话启动中...
2024-09-27 17:45:39,159	[INFO]	(gateway.py:115)ws_connect	[botpy] 启动中...
2024-09-27 17:45:39,301	[INFO]	(gateway.py:142)ws_identify	[botpy] 鉴权中...
2024-09-27 17:45:39,390	[INFO]	(gateway.py:85)on_message	[botpy] 机器人「班级助手-测试中」启动成功！
2024-09-27 17:45:39,390	[INFO]	(gateway.py:223)_send_heart	[botpy] 心跳维持启动...
2024-09-27 17:46:02,441	[INFO]	(client.py:162)_bot_login	[botpy] 登录机器人账号中...
2024-09-27 17:46:02,581	[INFO]	(robot.py:65)update_access_token	[botpy] access_token expires_in 4530
2024-09-27 17:46:02,992	[INFO]	(client.py:181)_bot_init	[botpy] 程序启动...
2024-09-27 17:46:02,993	[INFO]	(connection.py:60)multi_run	[botpy] 最大并发连接数: 1, 启动会话数: 1
2024-09-27 17:46:02,993	[INFO]	(client.py:242)bot_connect	[botpy] 会话启动中...
2024-09-27 17:46:02,993	[INFO]	(gateway.py:115)ws_connect	[botpy] 启动中...
2024-09-27 17:46:03,136	[INFO]	(gateway.py:142)ws_identify	[botpy] 鉴权中...
2024-09-27 17:46:03,209	[INFO]	(gateway.py:85)on_message	[botpy] 机器人「班级助手-测试中」启动成功！
2024-09-27 17:46:03,209	[INFO]	(gateway.py:223)_send_heart	[botpy] 心跳维持启动...
2024-09-27 20:07:30,633	[INFO]	(client.py:162)_bot_login	[botpy] 登录机器人账号中...
2024-09-27 20:07:30,836	[INFO]	(robot.py:65)update_access_token	[botpy] access_token expires_in 5474
2024-09-27 20:07:31,279	[INFO]	(client.py:181)_bot_init	[botpy] 程序启动...
2024-09-27 20:07:31,280	[INFO]	(connection.py:60)multi_run	[botpy] 最大并发连接数: 1, 启动会话数: 1
2024-09-27 20:07:31,280	[INFO]	(client.py:242)bot_connect	[botpy] 会话启动中...
2024-09-27 20:07:31,280	[INFO]	(gateway.py:115)ws_connect	[botpy] 启动中...
2024-09-27 20:07:31,406	[INFO]	(gateway.py:142)ws_identify	[botpy] 鉴权中...
2024-09-27 20:07:31,502	[INFO]	(gateway.py:85)on_message	[botpy] 机器人「班级助手-测试中」启动成功！
2024-09-27 20:07:31,502	[INFO]	(gateway.py:223)_send_heart	[botpy] 心跳维持启动...
2024-09-27 20:10:11,331	[INFO]	(client.py:162)_bot_login	[botpy] 登录机器人账号中...
2024-09-27 20:10:11,500	[INFO]	(robot.py:65)update_access_token	[botpy] access_token expires_in 5313
2024-09-27 20:10:11,985	[INFO]	(client.py:181)_bot_init	[botpy] 程序启动...
2024-09-27 20:10:11,985	[INFO]	(connection.py:60)multi_run	[botpy] 最大并发连接数: 1, 启动会话数: 1
2024-09-27 20:10:11,986	[INFO]	(client.py:242)bot_connect	[botpy] 会话启动中...
2024-09-27 20:10:11,986	[INFO]	(gateway.py:115)ws_connect	[botpy] 启动中...
2024-09-27 20:10:12,129	[INFO]	(gateway.py:142)ws_identify	[botpy] 鉴权中...
2024-09-27 20:10:12,263	[INFO]	(gateway.py:85)on_message	[botpy] 机器人「班级助手-测试中」启动成功！
2024-09-27 20:10:12,264	[INFO]	(gateway.py:223)_send_heart	[botpy] 心跳维持启动...
2024-09-27 20:10:51,137	[INFO]	(client.py:162)_bot_login	[botpy] 登录机器人账号中...
2024-09-27 20:10:51,317	[INFO]	(robot.py:65)update_access_token	[botpy] access_token expires_in 5273
2024-09-27 20:10:51,843	[INFO]	(client.py:181)_bot_init	[botpy] 程序启动...
2024-09-27 20:10:51,843	[INFO]	(connection.py:60)multi_run	[botpy] 最大并发连接数: 1, 启动会话数: 1
2024-09-27 20:10:51,844	[INFO]	(client.py:242)bot_connect	[botpy] 会话启动中...
2024-09-27 20:10:51,844	[INFO]	(gateway.py:115)ws_connect	[botpy] 启动中...
2024-09-27 20:10:51,973	[INFO]	(gateway.py:142)ws_identify	[botpy] 鉴权中...
2024-09-27 20:10:52,060	[INFO]	(gateway.py:85)on_message	[botpy] 机器人「班级助手-测试中」启动成功！
2024-09-27 20:10:52,060	[INFO]	(gateway.py:223)_send_heart	[botpy] 心跳维持启动...
2024-09-27 20:11:37,030	[INFO]	(client.py:162)_bot_login	[botpy] 登录机器人账号中...
2024-09-27 20:11:37,212	[INFO]	(robot.py:65)update_access_token	[botpy] access_token expires_in 5227
2024-09-27 20:11:37,693	[INFO]	(client.py:181)_bot_init	[botpy] 程序启动...
2024-09-27 20:11:37,693	[INFO]	(connection.py:60)multi_run	[botpy] 最大并发连接数: 1, 启动会话数: 1
2024-09-27 20:11:37,694	[INFO]	(client.py:242)bot_connect	[botpy] 会话启动中...
2024-09-27 20:11:37,694	[INFO]	(gateway.py:115)ws_connect	[botpy] 启动中...
2024-09-27 20:11:37,839	[INFO]	(gateway.py:142)ws_identify	[botpy] 鉴权中...
2024-09-27 20:11:37,945	[INFO]	(gateway.py:85)on_message	[botpy] 机器人「班级助手-测试中」启动成功！
2024-09-27 20:11:37,945	[INFO]	(gateway.py:223)_send_heart	[botpy] 心跳维持启动...
2024-09-27 20:12:54,113	[INFO]	(client.py:162)_bot_login	[botpy] 登录机器人账号中...
2024-09-27 20:12:54,322	[INFO]	(robot.py:65)update_access_token	[botpy] access_token expires_in 5150
2024-09-27 20:12:54,760	[INFO]	(client.py:181)_bot_init	[botpy] 程序启动...
2024-09-27 20:12:54,760	[INFO]	(connection.py:60)multi_run	[botpy] 最大并发连接数: 1, 启动会话数: 1
2024-09-27 20:12:54,761	[INFO]	(client.py:242)bot_connect	[botpy] 会话启动中...
2024-09-27 20:12:54,761	[INFO]	(gateway.py:115)ws_connect	[botpy] 启动中...
2024-09-27 20:12:54,880	[INFO]	(gateway.py:142)ws_identify	[botpy] 鉴权中...
2024-09-27 20:12:54,970	[INFO]	(gateway.py:85)on_message	[botpy] 机器人「班级助手-测试中」启动成功！
2024-09-27 20:12:54,970	[INFO]	(gateway.py:223)_send_heart	[botpy] 心跳维持启动...
2024-09-27 20:16:15,692	[INFO]	(client.py:162)_bot_login	[botpy] 登录机器人账号中...
2024-09-27 20:16:15,867	[INFO]	(robot.py:65)update_access_token	[botpy] access_token expires_in 4948
2024-09-27 20:16:16,331	[INFO]	(client.py:181)_bot_init	[botpy] 程序启动...
2024-09-27 20:16:16,332	[INFO]	(connection.py:60)multi_run	[botpy] 最大并发连接数: 1, 启动会话数: 1
2024-09-27 20:16:16,332	[INFO]	(client.py:242)bot_connect	[botpy] 会话启动中...
2024-09-27 20:16:16,332	[INFO]	(gateway.py:115)ws_connect	[botpy] 启动中...
2024-09-27 20:16:16,472	[INFO]	(gateway.py:142)ws_identify	[botpy] 鉴权中...
2024-09-27 20:16:16,547	[INFO]	(gateway.py:85)on_message	[botpy] 机器人「班级助手-测试中」启动成功！
2024-09-27 20:16:16,547	[INFO]	(gateway.py:223)_send_heart	[botpy] 心跳维持启动...
2024-09-27 20:18:59,014	[INFO]	(client.py:162)_bot_login	[botpy] 登录机器人账号中...
2024-09-27 20:18:59,211	[INFO]	(robot.py:65)update_access_token	[botpy] access_token expires_in 4785
2024-09-27 20:18:59,679	[INFO]	(client.py:181)_bot_init	[botpy] 程序启动...
2024-09-27 20:18:59,680	[INFO]	(connection.py:60)multi_run	[botpy] 最大并发连接数: 1, 启动会话数: 1
2024-09-27 20:18:59,680	[INFO]	(client.py:242)bot_connect	[botpy] 会话启动中...
2024-09-27 20:18:59,681	[INFO]	(gateway.py:115)ws_connect	[botpy] 启动中...
2024-09-27 20:18:59,852	[INFO]	(gateway.py:142)ws_identify	[botpy] 鉴权中...
2024-09-27 20:18:59,938	[INFO]	(gateway.py:85)on_message	[botpy] 机器人「班级助手-测试中」启动成功！
2024-09-27 20:18:59,938	[INFO]	(gateway.py:223)_send_heart	[botpy] 心跳维持启动...
2024-09-27 20:19:25,082	[INFO]	(client.py:162)_bot_login	[botpy] 登录机器人账号中...
2024-09-27 20:19:25,248	[INFO]	(robot.py:65)update_access_token	[botpy] access_token expires_in 4759
2024-09-27 20:19:25,674	[INFO]	(client.py:181)_bot_init	[botpy] 程序启动...
2024-09-27 20:19:25,675	[INFO]	(connection.py:60)multi_run	[botpy] 最大并发连接数: 1, 启动会话数: 1
2024-09-27 20:19:25,675	[INFO]	(client.py:242)bot_connect	[botpy] 会话启动中...
2024-09-27 20:19:25,675	[INFO]	(gateway.py:115)ws_connect	[botpy] 启动中...
2024-09-27 20:19:25,821	[INFO]	(gateway.py:142)ws_identify	[botpy] 鉴权中...
2024-09-27 20:19:25,917	[INFO]	(gateway.py:85)on_message	[botpy] 机器人「班级助手-测试中」启动成功！
2024-09-27 20:19:25,918	[INFO]	(gateway.py:223)_send_heart	[botpy] 心跳维持启动...
2024-09-27 20:20:05,091	[INFO]	(client.py:162)_bot_login	[botpy] 登录机器人账号中...
2024-09-27 20:20:05,292	[INFO]	(robot.py:65)update_access_token	[botpy] access_token expires_in 4719
2024-09-27 20:20:05,738	[INFO]	(client.py:181)_bot_init	[botpy] 程序启动...
2024-09-27 20:20:05,739	[INFO]	(connection.py:60)multi_run	[botpy] 最大并发连接数: 1, 启动会话数: 1
2024-09-27 20:20:05,739	[INFO]	(client.py:242)bot_connect	[botpy] 会话启动中...
2024-09-27 20:20:05,739	[INFO]	(gateway.py:115)ws_connect	[botpy] 启动中...
2024-09-27 20:20:05,883	[INFO]	(gateway.py:142)ws_identify	[botpy] 鉴权中...
2024-09-27 20:20:05,971	[INFO]	(gateway.py:85)on_message	[botpy] 机器人「班级助手-测试中」启动成功！
2024-09-27 20:20:05,971	[INFO]	(gateway.py:223)_send_heart	[botpy] 心跳维持启动...
2024-09-27 20:20:33,538	[INFO]	(client.py:162)_bot_login	[botpy] 登录机器人账号中...
2024-09-27 20:20:33,666	[INFO]	(robot.py:65)update_access_token	[botpy] access_token expires_in 4691
2024-09-27 20:20:34,093	[INFO]	(client.py:181)_bot_init	[botpy] 程序启动...
2024-09-27 20:20:34,093	[INFO]	(connection.py:60)multi_run	[botpy] 最大并发连接数: 1, 启动会话数: 1
2024-09-27 20:20:34,094	[INFO]	(client.py:242)bot_connect	[botpy] 会话启动中...
2024-09-27 20:20:34,094	[INFO]	(gateway.py:115)ws_connect	[botpy] 启动中...
2024-09-27 20:20:34,220	[INFO]	(gateway.py:142)ws_identify	[botpy] 鉴权中...
2024-09-27 20:20:34,332	[INFO]	(gateway.py:85)on_message	[botpy] 机器人「班级助手-测试中」启动成功！
2024-09-27 20:20:34,332	[INFO]	(gateway.py:223)_send_heart	[botpy] 心跳维持启动...
2024-09-27 20:21:02,170	[INFO]	(client.py:162)_bot_login	[botpy] 登录机器人账号中...
2024-09-27 20:21:02,336	[INFO]	(robot.py:65)update_access_token	[botpy] access_token expires_in 4662
2024-09-27 20:21:02,768	[INFO]	(client.py:181)_bot_init	[botpy] 程序启动...
2024-09-27 20:21:02,768	[INFO]	(connection.py:60)multi_run	[botpy] 最大并发连接数: 1, 启动会话数: 1
2024-09-27 20:21:02,769	[INFO]	(client.py:242)bot_connect	[botpy] 会话启动中...
2024-09-27 20:21:02,769	[INFO]	(gateway.py:115)ws_connect	[botpy] 启动中...
2024-09-27 20:21:02,900	[INFO]	(gateway.py:142)ws_identify	[botpy] 鉴权中...
2024-09-27 20:21:02,974	[INFO]	(gateway.py:85)on_message	[botpy] 机器人「班级助手-测试中」启动成功！
2024-09-27 20:21:02,974	[INFO]	(gateway.py:223)_send_heart	[botpy] 心跳维持启动...
2024-09-27 20:26:14,090	[INFO]	(client.py:162)_bot_login	[botpy] 登录机器人账号中...
2024-09-27 20:26:14,303	[INFO]	(robot.py:65)update_access_token	[botpy] access_token expires_in 4350
2024-09-27 20:26:14,770	[INFO]	(client.py:181)_bot_init	[botpy] 程序启动...
2024-09-27 20:26:14,770	[INFO]	(connection.py:60)multi_run	[botpy] 最大并发连接数: 1, 启动会话数: 1
2024-09-27 20:26:14,770	[INFO]	(client.py:242)bot_connect	[botpy] 会话启动中...
2024-09-27 20:26:14,770	[INFO]	(gateway.py:115)ws_connect	[botpy] 启动中...
2024-09-27 20:26:14,895	[INFO]	(gateway.py:142)ws_identify	[botpy] 鉴权中...
2024-09-27 20:26:14,972	[INFO]	(gateway.py:85)on_message	[botpy] 机器人「班级助手-测试中」启动成功！
2024-09-27 20:26:14,972	[INFO]	(gateway.py:223)_send_heart	[botpy] 心跳维持启动...
2024-09-27 20:26:21,062	[ERROR]	(http.py:76)_handle_response	[botpy] 接口请求异常，请求连接: https://api.sgroup.qq.com/v2/groups/D2E5F3F533AA2F50108C460ECD746D7E/messages, 错误代码: 400, 返回内容: {'message': '消息发送失败, 不允许发送url b23.tv', 'code': 40054010, 'err_code': 40054010, 'trace_id': '463e5b123a8f5ce404ff465945e558a5'}, trace_id:463e5b123a8f5ce404ff465945e558a5
2024-09-27 20:27:36,313	[INFO]	(client.py:162)_bot_login	[botpy] 登录机器人账号中...
2024-09-27 20:27:36,524	[INFO]	(robot.py:65)update_access_token	[botpy] access_token expires_in 4268
2024-09-27 20:27:37,032	[INFO]	(client.py:181)_bot_init	[botpy] 程序启动...
2024-09-27 20:27:37,032	[INFO]	(connection.py:60)multi_run	[botpy] 最大并发连接数: 1, 启动会话数: 1
2024-09-27 20:27:37,032	[INFO]	(client.py:242)bot_connect	[botpy] 会话启动中...
2024-09-27 20:27:37,032	[INFO]	(gateway.py:115)ws_connect	[botpy] 启动中...
2024-09-27 20:27:37,162	[INFO]	(gateway.py:142)ws_identify	[botpy] 鉴权中...
2024-09-27 20:27:37,239	[INFO]	(gateway.py:85)on_message	[botpy] 机器人「班级助手-测试中」启动成功！
2024-09-27 20:27:37,240	[INFO]	(gateway.py:223)_send_heart	[botpy] 心跳维持启动...
2024-09-27 20:27:53,131	[INFO]	(client.py:162)_bot_login	[botpy] 登录机器人账号中...
2024-09-27 20:27:53,308	[INFO]	(robot.py:65)update_access_token	[botpy] access_token expires_in 4251
2024-09-27 20:27:53,748	[INFO]	(client.py:181)_bot_init	[botpy] 程序启动...
2024-09-27 20:27:53,749	[INFO]	(connection.py:60)multi_run	[botpy] 最大并发连接数: 1, 启动会话数: 1
2024-09-27 20:27:53,749	[INFO]	(client.py:242)bot_connect	[botpy] 会话启动中...
2024-09-27 20:27:53,749	[INFO]	(gateway.py:115)ws_connect	[botpy] 启动中...
2024-09-27 20:27:53,897	[INFO]	(gateway.py:142)ws_identify	[botpy] 鉴权中...
2024-09-27 20:27:53,993	[INFO]	(gateway.py:85)on_message	[botpy] 机器人「班级助手-测试中」启动成功！
2024-09-27 20:27:53,993	[INFO]	(gateway.py:223)_send_heart	[botpy] 心跳维持启动...
2024-09-27 20:40:31,141	[INFO]	(client.py:162)_bot_login	[botpy] 登录机器人账号中...
2024-09-27 20:40:31,354	[INFO]	(robot.py:65)update_access_token	[botpy] access_token expires_in 3493
2024-09-27 20:40:31,806	[INFO]	(client.py:181)_bot_init	[botpy] 程序启动...
2024-09-27 20:40:31,806	[INFO]	(connection.py:60)multi_run	[botpy] 最大并发连接数: 1, 启动会话数: 1
2024-09-27 20:40:31,807	[INFO]	(client.py:242)bot_connect	[botpy] 会话启动中...
2024-09-27 20:40:31,807	[INFO]	(gateway.py:115)ws_connect	[botpy] 启动中...
2024-09-27 20:40:31,931	[INFO]	(gateway.py:142)ws_identify	[botpy] 鉴权中...
2024-09-27 20:40:32,033	[INFO]	(gateway.py:85)on_message	[botpy] 机器人「班级助手-测试中」启动成功！
2024-09-27 20:40:32,033	[INFO]	(gateway.py:223)_send_heart	[botpy] 心跳维持启动...
2024-09-27 20:41:43,324	[INFO]	(client.py:162)_bot_login	[botpy] 登录机器人账号中...
2024-09-27 20:41:43,516	[INFO]	(robot.py:65)update_access_token	[botpy] access_token expires_in 3421
2024-09-27 20:41:43,968	[INFO]	(client.py:181)_bot_init	[botpy] 程序启动...
2024-09-27 20:41:43,969	[INFO]	(connection.py:60)multi_run	[botpy] 最大并发连接数: 1, 启动会话数: 1
2024-09-27 20:41:43,969	[INFO]	(client.py:242)bot_connect	[botpy] 会话启动中...
2024-09-27 20:41:43,969	[INFO]	(gateway.py:115)ws_connect	[botpy] 启动中...
2024-09-27 20:41:44,110	[INFO]	(gateway.py:142)ws_identify	[botpy] 鉴权中...
2024-09-27 20:41:44,244	[INFO]	(gateway.py:85)on_message	[botpy] 机器人「班级助手-测试中」启动成功！
2024-09-27 20:41:44,244	[INFO]	(gateway.py:223)_send_heart	[botpy] 心跳维持启动...
2024-09-27 20:44:09,705	[INFO]	(client.py:162)_bot_login	[botpy] 登录机器人账号中...
2024-09-27 20:44:09,900	[INFO]	(robot.py:65)update_access_token	[botpy] access_token expires_in 3274
2024-09-27 20:44:10,361	[INFO]	(client.py:181)_bot_init	[botpy] 程序启动...
2024-09-27 20:44:10,361	[INFO]	(connection.py:60)multi_run	[botpy] 最大并发连接数: 1, 启动会话数: 1
2024-09-27 20:44:10,361	[INFO]	(client.py:242)bot_connect	[botpy] 会话启动中...
2024-09-27 20:44:10,362	[INFO]	(gateway.py:115)ws_connect	[botpy] 启动中...
2024-09-27 20:44:10,493	[INFO]	(gateway.py:142)ws_identify	[botpy] 鉴权中...
2024-09-27 20:44:10,579	[INFO]	(gateway.py:85)on_message	[botpy] 机器人「班级助手-测试中」启动成功！
2024-09-27 20:44:10,579	[INFO]	(gateway.py:223)_send_heart	[botpy] 心跳维持启动...
2024-09-27 20:50:40,549	[INFO]	(client.py:162)_bot_login	[botpy] 登录机器人账号中...
2024-09-27 20:50:40,735	[INFO]	(robot.py:65)update_access_token	[botpy] access_token expires_in 2884
2024-09-27 20:50:41,197	[INFO]	(client.py:181)_bot_init	[botpy] 程序启动...
2024-09-27 20:50:41,198	[INFO]	(connection.py:60)multi_run	[botpy] 最大并发连接数: 1, 启动会话数: 1
2024-09-27 20:50:41,198	[INFO]	(client.py:242)bot_connect	[botpy] 会话启动中...
2024-09-27 20:50:41,198	[INFO]	(gateway.py:115)ws_connect	[botpy] 启动中...
2024-09-27 20:50:41,329	[INFO]	(gateway.py:142)ws_identify	[botpy] 鉴权中...
2024-09-27 20:50:41,413	[INFO]	(gateway.py:85)on_message	[botpy] 机器人「班级助手-测试中」启动成功！
2024-09-27 20:50:41,413	[INFO]	(gateway.py:223)_send_heart	[botpy] 心跳维持启动...
2024-09-27 20:51:57,295	[INFO]	(client.py:162)_bot_login	[botpy] 登录机器人账号中...
2024-09-27 20:51:57,458	[INFO]	(robot.py:65)update_access_token	[botpy] access_token expires_in 2807
2024-09-27 20:51:57,935	[INFO]	(client.py:181)_bot_init	[botpy] 程序启动...
2024-09-27 20:51:57,935	[INFO]	(connection.py:60)multi_run	[botpy] 最大并发连接数: 1, 启动会话数: 1
2024-09-27 20:51:57,936	[INFO]	(client.py:242)bot_connect	[botpy] 会话启动中...
2024-09-27 20:51:57,936	[INFO]	(gateway.py:115)ws_connect	[botpy] 启动中...
2024-09-27 20:51:58,063	[INFO]	(gateway.py:142)ws_identify	[botpy] 鉴权中...
2024-09-27 20:51:58,166	[INFO]	(gateway.py:85)on_message	[botpy] 机器人「班级助手-测试中」启动成功！
2024-09-27 20:51:58,167	[INFO]	(gateway.py:223)_send_heart	[botpy] 心跳维持启动...
2024-09-27 20:54:51,089	[INFO]	(client.py:162)_bot_login	[botpy] 登录机器人账号中...
2024-09-27 20:54:51,284	[INFO]	(robot.py:65)update_access_token	[botpy] access_token expires_in 2633
2024-09-27 20:54:51,744	[INFO]	(client.py:181)_bot_init	[botpy] 程序启动...
2024-09-27 20:54:51,744	[INFO]	(connection.py:60)multi_run	[botpy] 最大并发连接数: 1, 启动会话数: 1
2024-09-27 20:54:51,744	[INFO]	(client.py:242)bot_connect	[botpy] 会话启动中...
2024-09-27 20:54:51,745	[INFO]	(gateway.py:115)ws_connect	[botpy] 启动中...
2024-09-27 20:54:51,873	[INFO]	(gateway.py:142)ws_identify	[botpy] 鉴权中...
2024-09-27 20:54:51,974	[INFO]	(gateway.py:85)on_message	[botpy] 机器人「班级助手-测试中」启动成功！
2024-09-27 20:54:51,974	[INFO]	(gateway.py:223)_send_heart	[botpy] 心跳维持启动...
2024-09-27 20:55:11,922	[INFO]	(client.py:162)_bot_login	[botpy] 登录机器人账号中...
2024-09-27 20:55:12,053	[INFO]	(robot.py:65)update_access_token	[botpy] access_token expires_in 2612
2024-09-27 20:55:12,462	[INFO]	(client.py:181)_bot_init	[botpy] 程序启动...
2024-09-27 20:55:12,462	[INFO]	(connection.py:60)multi_run	[botpy] 最大并发连接数: 1, 启动会话数: 1
2024-09-27 20:55:12,463	[INFO]	(client.py:242)bot_connect	[botpy] 会话启动中...
2024-09-27 20:55:12,463	[INFO]	(gateway.py:115)ws_connect	[botpy] 启动中...
2024-09-27 20:55:12,584	[INFO]	(gateway.py:142)ws_identify	[botpy] 鉴权中...
2024-09-27 20:55:12,651	[INFO]	(gateway.py:85)on_message	[botpy] 机器人「班级助手-测试中」启动成功！
2024-09-27 20:55:12,652	[INFO]	(gateway.py:223)_send_heart	[botpy] 心跳维持启动...
2024-09-27 20:56:05,911	[INFO]	(client.py:162)_bot_login	[botpy] 登录机器人账号中...
2024-09-27 20:56:06,099	[INFO]	(robot.py:65)update_access_token	[botpy] access_token expires_in 2558
2024-09-27 20:56:06,590	[INFO]	(client.py:181)_bot_init	[botpy] 程序启动...
2024-09-27 20:56:06,590	[INFO]	(connection.py:60)multi_run	[botpy] 最大并发连接数: 1, 启动会话数: 1
2024-09-27 20:56:06,591	[INFO]	(client.py:242)bot_connect	[botpy] 会话启动中...
2024-09-27 20:56:06,591	[INFO]	(gateway.py:115)ws_connect	[botpy] 启动中...
2024-09-27 20:56:06,738	[INFO]	(gateway.py:142)ws_identify	[botpy] 鉴权中...
2024-09-27 20:56:06,821	[INFO]	(gateway.py:85)on_message	[botpy] 机器人「班级助手-测试中」启动成功！
2024-09-27 20:56:06,822	[INFO]	(gateway.py:223)_send_heart	[botpy] 心跳维持启动...
2024-09-27 20:56:48,108	[INFO]	(client.py:162)_bot_login	[botpy] 登录机器人账号中...
2024-09-27 20:56:48,309	[INFO]	(robot.py:65)update_access_token	[botpy] access_token expires_in 2516
2024-09-27 20:56:48,734	[INFO]	(client.py:181)_bot_init	[botpy] 程序启动...
2024-09-27 20:56:48,734	[INFO]	(connection.py:60)multi_run	[botpy] 最大并发连接数: 1, 启动会话数: 1
2024-09-27 20:56:48,734	[INFO]	(client.py:242)bot_connect	[botpy] 会话启动中...
2024-09-27 20:56:48,734	[INFO]	(gateway.py:115)ws_connect	[botpy] 启动中...
2024-09-27 20:56:48,850	[INFO]	(gateway.py:142)ws_identify	[botpy] 鉴权中...
2024-09-27 20:56:48,977	[INFO]	(gateway.py:85)on_message	[botpy] 机器人「班级助手-测试中」启动成功！
2024-09-27 20:56:48,978	[INFO]	(gateway.py:223)_send_heart	[botpy] 心跳维持启动...
2024-09-27 21:05:05,235	[INFO]	(client.py:162)_bot_login	[botpy] 登录机器人账号中...
2024-09-27 21:05:05,443	[INFO]	(robot.py:65)update_access_token	[botpy] access_token expires_in 2019
2024-09-27 21:05:05,915	[INFO]	(client.py:181)_bot_init	[botpy] 程序启动...
2024-09-27 21:05:05,915	[INFO]	(connection.py:60)multi_run	[botpy] 最大并发连接数: 1, 启动会话数: 1
2024-09-27 21:05:05,916	[INFO]	(client.py:242)bot_connect	[botpy] 会话启动中...
2024-09-27 21:05:05,916	[INFO]	(gateway.py:115)ws_connect	[botpy] 启动中...
2024-09-27 21:05:06,046	[INFO]	(gateway.py:142)ws_identify	[botpy] 鉴权中...
2024-09-27 21:05:06,141	[INFO]	(gateway.py:85)on_message	[botpy] 机器人「班级助手-测试中」启动成功！
2024-09-27 21:05:06,142	[INFO]	(gateway.py:223)_send_heart	[botpy] 心跳维持启动...
2024-09-27 21:09:26,750	[INFO]	(client.py:162)_bot_login	[botpy] 登录机器人账号中...
2024-09-27 21:09:26,925	[INFO]	(robot.py:65)update_access_token	[botpy] access_token expires_in 1757
2024-09-27 21:09:27,409	[INFO]	(client.py:181)_bot_init	[botpy] 程序启动...
2024-09-27 21:09:27,409	[INFO]	(connection.py:60)multi_run	[botpy] 最大并发连接数: 1, 启动会话数: 1
2024-09-27 21:09:27,410	[INFO]	(client.py:242)bot_connect	[botpy] 会话启动中...
2024-09-27 21:09:27,410	[INFO]	(gateway.py:115)ws_connect	[botpy] 启动中...
2024-09-27 21:09:27,553	[INFO]	(gateway.py:142)ws_identify	[botpy] 鉴权中...
2024-09-27 21:09:27,640	[INFO]	(gateway.py:85)on_message	[botpy] 机器人「班级助手-测试中」启动成功！
2024-09-27 21:09:27,640	[INFO]	(gateway.py:223)_send_heart	[botpy] 心跳维持启动...
2024-09-27 21:13:52,995	[INFO]	(client.py:162)_bot_login	[botpy] 登录机器人账号中...
2024-09-27 21:13:53,192	[INFO]	(robot.py:65)update_access_token	[botpy] access_token expires_in 1491
2024-09-27 21:13:53,622	[INFO]	(client.py:181)_bot_init	[botpy] 程序启动...
2024-09-27 21:13:53,622	[INFO]	(connection.py:60)multi_run	[botpy] 最大并发连接数: 1, 启动会话数: 1
2024-09-27 21:13:53,622	[INFO]	(client.py:242)bot_connect	[botpy] 会话启动中...
2024-09-27 21:13:53,623	[INFO]	(gateway.py:115)ws_connect	[botpy] 启动中...
2024-09-27 21:13:53,744	[INFO]	(gateway.py:142)ws_identify	[botpy] 鉴权中...
2024-09-27 21:13:53,825	[INFO]	(gateway.py:85)on_message	[botpy] 机器人「班级助手-测试中」启动成功！
2024-09-27 21:13:53,826	[INFO]	(gateway.py:223)_send_heart	[botpy] 心跳维持启动...
